[19:03:18] [main/INFO]: Environment: authHost='https://authserver.mojang.com', accountsHost='https://api.mojang.com', sessionHost='https://sessionserver.mojang.com', servicesHost='https://api.minecraftservices.com', name='PROD'
[19:03:18] [main/INFO]: Reloading ResourceManager: Default, bukkit
[19:03:19] [Worker-Main-14/INFO]: Loaded 7 recipes
[19:03:21] [Server thread/INFO]: Starting minecraft server version 1.17
[19:03:21] [Server thread/INFO]: Loading properties
[19:03:21] [Server thread/INFO]: Default game type: SURVIVAL
[19:03:21] [Server thread/INFO]: Generating keypair
[19:03:22] [Server thread/INFO]: Starting Minecraft server on *:25565
[19:03:22] [Server thread/INFO]: Using default channel type
[19:03:23] [Server thread/INFO]: This server is running CraftBukkit version 3131-Bukkit-c9a92ad (MC: 1.17) (Implementing API version 1.17-R0.1-SNAPSHOT)
[19:03:23] [Server thread/WARN]: **** SERVER IS RUNNING IN OFFLINE/INSECURE MODE!
[19:03:23] [Server thread/WARN]: The server will make no attempt to authenticate usernames. Beware.
[19:03:23] [Server thread/WARN]: While this makes the game possible to play without internet access, it also opens up the ability for hackers to connect with any username they choose.
[19:03:23] [Server thread/WARN]: To change this, set "online-mode" to "true" in the server.properties file.
[19:03:23] [Server thread/INFO]: Preparing level "Bitcoin"
[19:03:24] [Server thread/INFO]: Preparing start region for dimension minecraft:overworld
[19:03:24] [Worker-Main-8/INFO]: Preparing spawn area: 0%
[19:03:24] [Worker-Main-8/INFO]: Preparing spawn area: 0%
[19:03:25] [Worker-Main-10/INFO]: Preparing spawn area: 0%
[19:03:25] [Worker-Main-14/INFO]: Preparing spawn area: 0%
[19:03:26] [Worker-Main-14/INFO]: Preparing spawn area: 1%
[19:03:26] [Worker-Main-8/INFO]: Preparing spawn area: 4%
[19:03:27] [Worker-Main-9/INFO]: Preparing spawn area: 5%
[19:03:27] [Worker-Main-12/INFO]: Preparing spawn area: 17%
[19:03:28] [Worker-Main-14/INFO]: Preparing spawn area: 26%
[19:03:28] [Worker-Main-14/INFO]: Preparing spawn area: 41%
[19:03:29] [Worker-Main-10/INFO]: Preparing spawn area: 54%
[19:03:29] [Worker-Main-12/INFO]: Preparing spawn area: 74%
[19:03:30] [Worker-Main-11/INFO]: Preparing spawn area: 93%
[19:03:31] [Server thread/INFO]: Time elapsed: 7172 ms
[19:03:31] [Server thread/INFO]: Preparing start region for dimension minecraft:the_nether
[19:03:31] [Worker-Main-13/INFO]: Preparing spawn area: 0%
[19:03:31] [Worker-Main-13/INFO]: Preparing spawn area: 0%
[19:03:32] [Worker-Main-9/INFO]: Preparing spawn area: 0%
[19:03:32] [Worker-Main-12/INFO]: Preparing spawn area: 0%
[19:03:33] [Worker-Main-10/INFO]: Preparing spawn area: 4%
[19:03:33] [Worker-Main-11/INFO]: Preparing spawn area: 4%
[19:03:34] [Worker-Main-8/INFO]: Preparing spawn area: 6%
[19:03:34] [Worker-Main-9/INFO]: Preparing spawn area: 21%
[19:03:35] [Worker-Main-10/INFO]: Preparing spawn area: 22%
[19:03:35] [Worker-Main-8/INFO]: Preparing spawn area: 36%
[19:03:36] [Worker-Main-13/INFO]: Preparing spawn area: 46%
[19:03:36] [Worker-Main-10/INFO]: Preparing spawn area: 49%
[19:03:37] [Worker-Main-9/INFO]: Preparing spawn area: 60%
[19:03:37] [Worker-Main-14/INFO]: Preparing spawn area: 62%
[19:03:38] [Worker-Main-8/INFO]: Preparing spawn area: 78%
[19:03:39] [Server thread/INFO]: Time elapsed: 8157 ms
[19:03:39] [Server thread/INFO]: Preparing start region for dimension minecraft:the_end
[19:03:39] [Worker-Main-10/INFO]: Preparing spawn area: 0%
[19:03:39] [Worker-Main-9/INFO]: Preparing spawn area: 0%
[19:03:40] [Worker-Main-11/INFO]: Preparing spawn area: 4%
[19:03:41] [Worker-Main-10/INFO]: Preparing spawn area: 13%
[19:03:41] [Worker-Main-11/INFO]: Preparing spawn area: 43%
[19:03:41] [Worker-Main-13/INFO]: Preparing spawn area: 52%
[19:03:42] [Worker-Main-13/INFO]: Preparing spawn area: 78%
[19:03:42] [Worker-Main-11/INFO]: Preparing spawn area: 91%
[19:03:43] [Server thread/INFO]: Time elapsed: 3578 ms
[19:03:43] [Server thread/INFO]: Server permissions file permissions.yml is empty, ignoring it
[19:03:43] [Server thread/INFO]: Done (19.855s)! For help, type "help"
[19:04:00] [Server thread/INFO]: Ethereum[/192.168.0.1:56057] logged in with entity id 106 at ([Bitcoin]108.76898839246606, 71.0, -75.33400681330747)
[19:04:04] [Server thread/WARN]: Can't keep up! Is the server overloaded? Running 5031ms or 100 ticks behind
[19:04:20] [Server thread/INFO]: Kerlib[/221.143.223.109:59961] logged in with entity id 177 at ([Bitcoin]2196.7339143466493, 67.0, 2977.5931112923845)
[19:06:36] [Server thread/INFO]: Ethereum issued server command: /difficulty
[19:08:23] [Netty Server IO #2/INFO]: <Ethereum> ¿¹¸¦ µé¾î¼­ °æÇèÄ¡¸¦ ¾òÀ¸¸é[m
[19:08:27] [Netty Server IO #2/INFO]: <Ethereum> ³»±¸µµ°¡ Âü[m
[19:08:30] [Netty Server IO #2/INFO]: <Ethereum> »ç½Ç»ó ¹Ý¿µ±¸ÀûÀÎ µµ±¸ÀÓ[m
[19:08:49] [Server thread/WARN]: Ethereum moved too quickly! 0.6049172403649052,0.7491326388584127,-10.17993508150305
[19:08:50] [Server thread/INFO]: Ethereum issued server command: /tp kerlib Ethereum
[19:08:54] [Server thread/INFO]: Ethereum issued server command: /tp kerlib Ethereum
[19:08:54] [Server thread/WARN]: Kerlib moved too quickly! 9.436067682690272,5.0,-9.298970560112117
[19:08:54] [Server thread/INFO]: Ethereum issued server command: /tp kerlib Ethereum
[19:08:55] [Server thread/INFO]: Ethereum issued server command: /tp kerlib Ethereum
[19:08:55] [Server thread/INFO]: Ethereum issued server command: /tp kerlib Ethereum
[19:08:56] [Server thread/INFO]: Ethereum issued server command: /tp kerlib Ethereum
[19:08:56] [Server thread/INFO]: Ethereum issued server command: /tp kerlib Ethereum
[19:14:21] [Server thread/INFO]: Ethereum has made the advancement [Local Brewery]
[19:22:54] [Server thread/INFO]: Ethereum issued server command: /difficulty hard
[19:24:15] [Server thread/INFO]: Villager EntityVillager['Fletcher'/36, l='ServerLevel[Bitcoin]', x=108.50, y=71.06, z=-85.49] died, message: 'Fletcher was slain by Zombie'
[19:26:01] [Server thread/INFO]: Ethereum issued server command: /difficulty easy
[19:28:54] [Netty Server IO #2/INFO]: <Ethereum> 9x9[m
[19:29:55] [Server thread/INFO]: Ethereum has reached the goal [Zombie Doctor]
[19:30:07] [Server thread/INFO]: Ethereum issued server command: /difficulty peaceful
[19:44:47] [Netty Server IO #2/INFO]: <Ethereum> git config --global user.name "John Doe"[m
[19:44:52] [Server thread/INFO]: Ethereum issued server command: /tp Kerlib Ethereum
[19:44:52] [Server thread/WARN]: Kerlib moved too quickly! 395.39396464824495,48.8914136006495,1781.9996472352952
[19:44:54] [Server thread/INFO]: Ethereum issued server command: /tp Kerlib Ethereum
[20:13:52] [Server thread/INFO]: Ethereum issued server command: /tp Kerlib Ethereum
[20:19:25] [Server thread/INFO]: Kerlib lost connection: Disconnected
[20:19:25] [Server thread/INFO]: Kerlib left the game
[20:19:34] [Server thread/INFO]: Kerlib[/221.143.223.109:60190] logged in with entity id 18106 at ([Bitcoin_nether]-34.1996228553941, 35.911524680900555, 33.41559686948978)
[20:19:34] [Server thread/INFO]: Ethereum issued server command: /tp Kerlib Ethereum
[20:19:37] [Server thread/INFO]: Kerlib fell from a high place
[20:20:31] [Netty Server IO #2/INFO]: <Ethereum> ´Ô[m
[20:20:35] [Netty Server IO #2/INFO]: <Ethereum> ¾ÆÀÌÅÛ ¿ì¸®Áý¿¡ ÀÕÀ¸´Ï±î[m
[20:20:37] [Netty Server IO #2/INFO]: <Ethereum> ¿Íº¸»ï[m
[20:20:40] [Server thread/INFO]: Kerlib lost connection: Disconnected
[20:20:40] [Server thread/INFO]: Kerlib left the game
[20:20:47] [Server thread/INFO]: Kerlib[/221.143.223.109:60213] logged in with entity id 18252 at ([Bitcoin_nether]-31.587180606689575, 47.943524939958124, 31.598015084005848)
[20:20:49] [Server thread/INFO]: Kerlib fell from a high place
[20:21:06] [Netty Server IO #2/INFO]: <Ethereum> ³ª ´ë´äÇÏ°íÀÕÀÝ¾Æ[m
[20:21:15] [Netty Server IO #2/INFO]: <Ethereum> ³Ê ´Ù½Ã µé¿Ó´Ù ¿À»ï[m
[21:06:37] [Server thread/INFO]: Villager EntityVillager['Villager'/37, l='ServerLevel[Bitcoin]', x=101.29, y=71.00, z=-83.46] died, message: 'Villager was slain by Ethereum'
[21:19:23] [Server thread/INFO]: Ethereum lost connection: Disconnected
[21:19:23] [Server thread/INFO]: Ethereum left the game
[21:20:44] [Server thread/INFO]: Ethereum[/192.168.0.1:64559] logged in with entity id 25743 at ([Bitcoin]97.56986636328047, 71.0, -83.52367316411153)
[21:24:56] [Server thread/INFO]: Kerlib lost connection: Disconnected
[21:24:56] [Server thread/INFO]: Kerlib left the game
[21:29:53] [Server thread/INFO]: Ethereum lost connection: Disconnected
[21:29:53] [Server thread/INFO]: Ethereum left the game
[21:35:52] [Server thread/INFO]: Stopping the server
[21:35:52] [Server thread/INFO]: Stopping server
[21:35:52] [Server thread/INFO]: Saving players
[21:35:52] [Server thread/INFO]: Saving worlds
[21:35:52] [Server thread/INFO]: Saving chunks for level 'ServerLevel[Bitcoin]'/minecraft:overworld
[21:35:52] [Server thread/INFO]: ThreadedAnvilChunkStorage (Bitcoin): All chunks are saved
[21:35:52] [Server thread/INFO]: Saving chunks for level 'ServerLevel[Bitcoin_nether]'/minecraft:the_nether
[21:35:52] [Server thread/INFO]: ThreadedAnvilChunkStorage (DIM-1): All chunks are saved
[21:35:52] [Server thread/INFO]: Saving chunks for level 'ServerLevel[Bitcoin_the_end]'/minecraft:the_end
[21:35:52] [Server thread/INFO]: ThreadedAnvilChunkStorage (DIM1): All chunks are saved
[21:35:52] [Server thread/INFO]: ThreadedAnvilChunkStorage (Bitcoin): All chunks are saved
[21:35:52] [Server thread/INFO]: ThreadedAnvilChunkStorage (DIM-1): All chunks are saved
[21:35:52] [Server thread/INFO]: ThreadedAnvilChunkStorage (DIM1): All chunks are saved
